f:\cis565gpu_projects\project6\project6-vulkan-grass-rendering\build\src\vulkan_grass_rendering.dir\debug\vc140.pdb
f:\cis565gpu_projects\project6\project6-vulkan-grass-rendering\build\src\vulkan_grass_rendering.dir\debug\main.obj
f:\cis565gpu_projects\project6\project6-vulkan-grass-rendering\build\src\vulkan_grass_rendering.dir\debug\window.obj
f:\cis565gpu_projects\project6\project6-vulkan-grass-rendering\build\src\vulkan_grass_rendering.dir\debug\swapchain.obj
f:\cis565gpu_projects\project6\project6-vulkan-grass-rendering\build\src\vulkan_grass_rendering.dir\debug\shadermodule.obj
f:\cis565gpu_projects\project6\project6-vulkan-grass-rendering\build\src\vulkan_grass_rendering.dir\debug\scene.obj
f:\cis565gpu_projects\project6\project6-vulkan-grass-rendering\build\src\vulkan_grass_rendering.dir\debug\renderer.obj
f:\cis565gpu_projects\project6\project6-vulkan-grass-rendering\build\src\vulkan_grass_rendering.dir\debug\model.obj
f:\cis565gpu_projects\project6\project6-vulkan-grass-rendering\build\src\vulkan_grass_rendering.dir\debug\instance.obj
f:\cis565gpu_projects\project6\project6-vulkan-grass-rendering\build\src\vulkan_grass_rendering.dir\debug\image.obj
f:\cis565gpu_projects\project6\project6-vulkan-grass-rendering\build\src\vulkan_grass_rendering.dir\debug\device.obj
f:\cis565gpu_projects\project6\project6-vulkan-grass-rendering\build\src\vulkan_grass_rendering.dir\debug\camera.obj
f:\cis565gpu_projects\project6\project6-vulkan-grass-rendering\build\src\vulkan_grass_rendering.dir\debug\bufferutils.obj
f:\cis565gpu_projects\project6\project6-vulkan-grass-rendering\build\src\vulkan_grass_rendering.dir\debug\blades.obj
f:\cis565gpu_projects\project6\project6-vulkan-grass-rendering\build\src\cmakefiles\generate.stamp
f:\cis565gpu_projects\project6\project6-vulkan-grass-rendering\bin\debug\vulkan_grass_rendering.ilk
f:\cis565gpu_projects\project6\project6-vulkan-grass-rendering\bin\debug\vulkan_grass_rendering.exe
f:\cis565gpu_projects\project6\project6-vulkan-grass-rendering\bin\debug\vulkan_grass_rendering.pdb
f:\cis565gpu_projects\project6\project6-vulkan-grass-rendering\build\src\vulkan_grass_rendering.dir\debug\vulkan_grass_rendering.vcxprojresolveassemblyreference.cache
f:\cis565gpu_projects\project6\project6-vulkan-grass-rendering\build\src\vulkan_grass_rendering.dir\debug\vulkan_g.b94138ec.tlog\cl.command.1.tlog
f:\cis565gpu_projects\project6\project6-vulkan-grass-rendering\build\src\vulkan_grass_rendering.dir\debug\vulkan_g.b94138ec.tlog\cl.read.1.tlog
f:\cis565gpu_projects\project6\project6-vulkan-grass-rendering\build\src\vulkan_grass_rendering.dir\debug\vulkan_g.b94138ec.tlog\cl.write.1.tlog
f:\cis565gpu_projects\project6\project6-vulkan-grass-rendering\build\src\vulkan_grass_rendering.dir\debug\vulkan_g.b94138ec.tlog\custombuild.command.1.tlog
f:\cis565gpu_projects\project6\project6-vulkan-grass-rendering\build\src\vulkan_grass_rendering.dir\debug\vulkan_g.b94138ec.tlog\custombuild.read.1.tlog
f:\cis565gpu_projects\project6\project6-vulkan-grass-rendering\build\src\vulkan_grass_rendering.dir\debug\vulkan_g.b94138ec.tlog\custombuild.write.1.tlog
f:\cis565gpu_projects\project6\project6-vulkan-grass-rendering\build\src\vulkan_grass_rendering.dir\debug\vulkan_g.b94138ec.tlog\link.command.1.tlog
f:\cis565gpu_projects\project6\project6-vulkan-grass-rendering\build\src\vulkan_grass_rendering.dir\debug\vulkan_g.b94138ec.tlog\link.read.1.tlog
f:\cis565gpu_projects\project6\project6-vulkan-grass-rendering\build\src\vulkan_grass_rendering.dir\debug\vulkan_g.b94138ec.tlog\link.write.1.tlog
